2024-11-20 19:45:50.996190: I tensorflow/core/util/port.cc:113] oneDNN custom operations are on. You may see slightly different numerical results due to floating-point round-off errors from different computation orders. To turn them off, set the environment variable `TF_ENABLE_ONEDNN_OPTS=0`.
2024-11-20 19:45:51.015826: E external/local_xla/xla/stream_executor/cuda/cuda_dnn.cc:9261] Unable to register cuDNN factory: Attempting to register factory for plugin cuDNN when one has already been registered
2024-11-20 19:45:51.015855: E external/local_xla/xla/stream_executor/cuda/cuda_fft.cc:607] Unable to register cuFFT factory: Attempting to register factory for plugin cuFFT when one has already been registered
2024-11-20 19:45:51.016406: E external/local_xla/xla/stream_executor/cuda/cuda_blas.cc:1515] Unable to register cuBLAS factory: Attempting to register factory for plugin cuBLAS when one has already been registered
2024-11-20 19:45:51.019514: I tensorflow/core/platform/cpu_feature_guard.cc:182] This TensorFlow binary is optimized to use available CPU instructions in performance-critical operations.
To enable the following instructions: AVX2 AVX_VNNI FMA, in other operations, rebuild TensorFlow with the appropriate compiler flags.
2024-11-20 19:45:51.336227: W tensorflow/compiler/tf2tensorrt/utils/py_utils.cc:38] TF-TRT Warning: Could not find TensorRT
INFO:root:
    # ---------------------------------------------------
    # Starting extracting weights and biases.
    # ---------------------------------------------------   
    
INFO:root:Parsed arguments for signature and sign recovery: 
	 Namespace(model='models/100_10x2_1_Seed42.keras', layerID=1, tgtNeurons=None, dataset=None, eps=8, quantized=2, onlySign=False, signRecoveryMethod='neuronWiggle', seed=42, setting='original', nExp=15).
2024-11-20 19:45:51.905116: I external/local_xla/xla/stream_executor/cuda/cuda_executor.cc:901] successful NUMA node read from SysFS had negative value (-1), but there must be at least one NUMA node, so returning NUMA node zero. See more at https://github.com/torvalds/linux/blob/v6.0/Documentation/ABI/testing/sysfs-bus-pci#L344-L355
2024-11-20 19:45:51.924314: W tensorflow/core/common_runtime/gpu/gpu_device.cc:2256] Cannot dlopen some GPU libraries. Please make sure the missing libraries mentioned above are installed properly if you would like to use GPU. Follow the guide at https://www.tensorflow.org/install/gpu for how to download and setup the required libraries for your platform.
Skipping registering GPU devices...
INFO:root:Model summary:
Model: "model"
_________________________________________________________________
 Layer (type)                Output Shape              Param #   
=================================================================
 input_layer (InputLayer)    [(None, 100)]             0         
                                                                 
 layer0 (Dense)              (None, 10)                1010      
                                                                 
 layer1 (Dense)              (None, 10)                110       
                                                                 
 output (Dense)              (None, 1)                 11        
                                                                 
=================================================================
Total params: 1131 (8.84 KB)
Trainable params: 1131 (8.84 KB)
Non-trainable params: 0 (0.00 Byte)
_________________________________________________________________
INFO:root:None
INFO:root:Signature and Sign recovery results will be saved to 
	 results/model_100_10x2_1_Seed42/layerID_1/nExp_15-Seed42_float32_original/df.md
INFO:root:Recovering signatures...
WARNING:root:The last layer has to have a linear activation function, instead found <function sigmoid at 0x705f6c88c4c0>. We will replace this output function with a linear one automatically in your model.
INFO:root:
        Determined the following model parameters: 
            input shape: 	 (100,)
            hiddenLayerIDs: 	 [1, 2]
            neuronsHiddenLayers: 	 [10, 10]
            outputs: 	 1
        
INFO:root:Signs will be recovered for neuronIDs: 
	 [0 1 2 3 4 5 6 7 8 9].
Start another sweep
Total intersections found 19
Start another sweep
Total intersections found 14
Branch 1
Start another sweep
Total intersections found 21
Branch 1
Branch 1
Start another sweep
Total intersections found 25
Branch 1
Branch 1
Start another sweep
Total intersections found 20
Branch 1
Branch 1
Start another sweep
Total intersections found 24
Branch 1
Branch 1
Branch 1
Start another sweep
Total intersections found 20
Branch 1
Branch 5
while loop time 6.208139657974243
Query count:  115553
query count: 897 115553
critical point search and partial weights:  2.0244524478912354
Match partial:  4.047003269195557
partial biases: 0.001115560531616211
dead weights:  0.0
signature recovery:  6.208320379257202
precision improvement:  2.384185791015625e-07
overall time:  6.208320617675781
Overall Time taken for signature extraction:  6.208350658416748

Check the solution of the last weight matrix.
Neuron 0 maps on to neuron 6 with error 4.1862801111174617e-07 ratio -0.23846018429219057
Bias check [3.79046772e-05]
Neuron 1 maps on to neuron 7 with error 4.802217010405311e-07 ratio -0.20695717418643236
Bias check [2.59216152e-06]
Neuron 2 maps on to neuron 1 with error 1.3147719490358906e-06 ratio -0.22928523027136383
Bias check [3.34923839e-05]
Neuron 3 maps on to neuron 0 with error 6.853523067493504e-07 ratio -0.24590328663006036
Bias check [-7.58909815e-05]
Neuron 4 maps on to neuron 8 with error 2.460329529386521e-06 ratio -0.11650776483711567
Bias check [0.00028466]
Neuron 5 maps on to neuron 5 with error 7.0869538003513e-07 ratio -0.13395665484616648
Bias check [-1.37245761e-05]
Neuron 6 maps on to neuron 3 with error 9.583636040754132e-07 ratio -0.21590881300654446
Bias check [-4.51426598e-05]
Neuron 7 maps on to neuron 9 with error 1.5971248585292616e-06 ratio 0.23640021026961733
Bias check [0.00015921]
Neuron 8 maps on to neuron 4 with error 5.977629071438462e-06 ratio -0.24174105247410416
Bias check [0.00217955]
Neuron 9 maps on to neuron 2 with error 2.017399189756618e-06 ratio -0.19755260869924812
Bias check [3.12301977e-06]
Original Neuron 0 maps on to recovered neuron 3
absolute values of weights are close enough
Original Neuron 1 maps on to recovered neuron 2
absolute values of weights are close enough
Original Neuron 2 maps on to recovered neuron 9
absolute values of weights are close enough
Original Neuron 3 maps on to recovered neuron 6
absolute values of weights are close enough
Original Neuron 4 maps on to recovered neuron 8
ERROR LAYER EXTRACTED INCORRECTLY
Original Neuron 5 maps on to recovered neuron 5
absolute values of weights are close enough
Original Neuron 6 maps on to recovered neuron 0
absolute values of weights are close enough
Original Neuron 7 maps on to recovered neuron 1
absolute values of weights are close enough
Original Neuron 8 maps on to recovered neuron 4
absolute values of weights are close enough
Original Neuron 9 maps on to recovered neuron 7
absolute values of weights are close enough
Weights, biases same up to sign in float32 precision?:  False False
Weights, biases same up to sign in float16 precision?: False False
Signature Extraction to float32 standards.
Sign Extraction Quantized to float32.
Neuron:  0
Equal weights and biases:  False False
absolute values of weights are close enough
Neuron:  1
Equal weights and biases:  True True
absolute values of weights are close enough
Neuron:  2
Equal weights and biases:  False False
absolute values of weights are close enough
Neuron:  3
Equal weights and biases:  False False
absolute values of weights are close enough
Neuron:  4
Equal weights and biases:  False False
absolute values of weights are close enough
Neuron:  5
Equal weights and biases:  False False
absolute values of weights are close enough
Neuron:  6
Equal weights and biases:  False False
absolute values of weights are close enough
Neuron:  7
Equal weights and biases:  False False
absolute values of weights are close enough
Neuron:  8
Equal weights and biases:  False False
absolute values of weights are close enough
Neuron:  9
Equal weights and biases:  True True
absolute values of weights are close enough
Different indices:  [0, 2, 3, 4, 5, 6, 7, 8]
