2024-11-20 19:59:19.187801: I tensorflow/core/util/port.cc:113] oneDNN custom operations are on. You may see slightly different numerical results due to floating-point round-off errors from different computation orders. To turn them off, set the environment variable `TF_ENABLE_ONEDNN_OPTS=0`.
2024-11-20 19:59:19.206922: E external/local_xla/xla/stream_executor/cuda/cuda_dnn.cc:9261] Unable to register cuDNN factory: Attempting to register factory for plugin cuDNN when one has already been registered
2024-11-20 19:59:19.206953: E external/local_xla/xla/stream_executor/cuda/cuda_fft.cc:607] Unable to register cuFFT factory: Attempting to register factory for plugin cuFFT when one has already been registered
2024-11-20 19:59:19.207463: E external/local_xla/xla/stream_executor/cuda/cuda_blas.cc:1515] Unable to register cuBLAS factory: Attempting to register factory for plugin cuBLAS when one has already been registered
2024-11-20 19:59:19.210474: I tensorflow/core/platform/cpu_feature_guard.cc:182] This TensorFlow binary is optimized to use available CPU instructions in performance-critical operations.
To enable the following instructions: AVX2 AVX_VNNI FMA, in other operations, rebuild TensorFlow with the appropriate compiler flags.
2024-11-20 19:59:19.526124: W tensorflow/compiler/tf2tensorrt/utils/py_utils.cc:38] TF-TRT Warning: Could not find TensorRT
INFO:root:
    # ---------------------------------------------------
    # Starting extracting weights and biases.
    # ---------------------------------------------------   
    
INFO:root:Parsed arguments for signature and sign recovery: 
	 Namespace(model='models/300_10x2_1_Seed42.keras', layerID=1, tgtNeurons=None, dataset=None, eps=8, quantized=2, onlySign=False, signRecoveryMethod='neuronWiggle', seed=42, setting='original', nExp=15).
2024-11-20 19:59:20.095094: I external/local_xla/xla/stream_executor/cuda/cuda_executor.cc:901] successful NUMA node read from SysFS had negative value (-1), but there must be at least one NUMA node, so returning NUMA node zero. See more at https://github.com/torvalds/linux/blob/v6.0/Documentation/ABI/testing/sysfs-bus-pci#L344-L355
2024-11-20 19:59:20.113316: W tensorflow/core/common_runtime/gpu/gpu_device.cc:2256] Cannot dlopen some GPU libraries. Please make sure the missing libraries mentioned above are installed properly if you would like to use GPU. Follow the guide at https://www.tensorflow.org/install/gpu for how to download and setup the required libraries for your platform.
Skipping registering GPU devices...
INFO:root:Model summary:
Model: "model"
_________________________________________________________________
 Layer (type)                Output Shape              Param #   
=================================================================
 input_layer (InputLayer)    [(None, 300)]             0         
                                                                 
 layer0 (Dense)              (None, 10)                3010      
                                                                 
 layer1 (Dense)              (None, 10)                110       
                                                                 
 output (Dense)              (None, 1)                 11        
                                                                 
=================================================================
Total params: 3131 (24.46 KB)
Trainable params: 3131 (24.46 KB)
Non-trainable params: 0 (0.00 Byte)
_________________________________________________________________
INFO:root:None
INFO:root:Signature and Sign recovery results will be saved to 
	 results/model_300_10x2_1_Seed42/layerID_1/nExp_15-Seed42_float32_original/df.md
INFO:root:Recovering signatures...
WARNING:root:The last layer has to have a linear activation function, instead found <function sigmoid at 0x74a1ce4884c0>. We will replace this output function with a linear one automatically in your model.
INFO:root:
        Determined the following model parameters: 
            input shape: 	 (300,)
            hiddenLayerIDs: 	 [1, 2]
            neuronsHiddenLayers: 	 [10, 10]
            outputs: 	 1
        
INFO:root:Signs will be recovered for neuronIDs: 
	 [0 1 2 3 4 5 6 7 8 9].
Start another sweep
Total intersections found 19
Start another sweep
Total intersections found 23
Branch 1
Branch 1
Start another sweep
Total intersections found 17
Branch 1
Start another sweep
Total intersections found 14
Branch 1
Branch 1
Start another sweep
Total intersections found 26
Branch 1
Branch 1
Start another sweep
Total intersections found 19
Branch 1
Branch 1
Start another sweep
Total intersections found 19
Branch 1
Branch 1
Start another sweep
Total intersections found 16
Branch 5
while loop time 44.57315158843994
Query count:  339679
query count: 960 339679
critical point search and partial weights:  7.614644765853882
Match partial:  36.772587299346924
partial biases: 0.0006854534149169922
dead weights:  0.0
signature recovery:  44.57335662841797
precision improvement:  4.76837158203125e-07
overall time:  44.57335710525513
Overall Time taken for signature extraction:  44.57339549064636

Check the solution of the last weight matrix.
Neuron 0 maps on to neuron 3 with error 3.5601280475552286e-06 ratio -0.10368262080191698
Bias check [-0.00063985]
Neuron 1 maps on to neuron 6 with error 4.3572748827573905e-06 ratio 0.12575683228790213
Bias check [-0.00894266]
Neuron 2 maps on to neuron 2 with error 5.246664516961121e-06 ratio -0.14751208268253813
Bias check [0.00135648]
Neuron 3 maps on to neuron 7 with error 3.179586577261833e-06 ratio -0.027174669531355826
Bias check [0.00176862]
Neuron 4 maps on to neuron 0 with error 4.5754952224459445e-06 ratio 0.11787230306471136
Bias check [0.00103327]
Neuron 5 maps on to neuron 1 with error 2.2328869174832515e-06 ratio -0.12298783699341834
Bias check [-0.0002136]
Neuron 6 maps on to neuron 9 with error 7.4473965095992385e-06 ratio 0.112550130843728
Bias check [-0.0018842]
Neuron 7 maps on to neuron 4 with error 9.738025327598433e-06 ratio 0.1366059801926312
Bias check [0.00509403]
Neuron 8 maps on to neuron 5 with error 1.2787618698041856e-05 ratio -0.16128645814687392
Bias check [-0.00031123]
Neuron 9 maps on to neuron 8 with error 6.973222293595353e-06 ratio 0.1395950189945368
Bias check [0.02505087]
Original Neuron 0 maps on to recovered neuron 4
absolute values of weights are close enough
Original Neuron 1 maps on to recovered neuron 5
absolute values of weights are close enough
Original Neuron 2 maps on to recovered neuron 2
ERROR LAYER EXTRACTED INCORRECTLY
Original Neuron 3 maps on to recovered neuron 0
absolute values of weights are close enough
Original Neuron 4 maps on to recovered neuron 7
ERROR LAYER EXTRACTED INCORRECTLY
Original Neuron 5 maps on to recovered neuron 8
absolute values of weights are close enough
Original Neuron 6 maps on to recovered neuron 1
ERROR LAYER EXTRACTED INCORRECTLY
Original Neuron 7 maps on to recovered neuron 3
ERROR LAYER EXTRACTED INCORRECTLY
Original Neuron 8 maps on to recovered neuron 9
ERROR LAYER EXTRACTED INCORRECTLY
Original Neuron 9 maps on to recovered neuron 6
ERROR LAYER EXTRACTED INCORRECTLY
Weights, biases same up to sign in float32 precision?:  False False
Weights, biases same up to sign in float16 precision?: False False
Signature Extraction to float32 standards.
Sign Extraction Quantized to float32.
Neuron:  0
Equal weights and biases:  False False
absolute values of weights are close enough
Neuron:  1
Equal weights and biases:  False False
absolute values of weights are close enough
Neuron:  2
Equal weights and biases:  False False
absolute values of weights are close enough
Neuron:  3
Equal weights and biases:  False False
absolute values of weights are close enough
Neuron:  4
Equal weights and biases:  True True
absolute values of weights are close enough
Neuron:  5
Equal weights and biases:  False False
absolute values of weights are close enough
Neuron:  6
Equal weights and biases:  False False
absolute values of weights are close enough
Neuron:  7
Equal weights and biases:  False False
absolute values of weights are close enough
Neuron:  8
Equal weights and biases:  False False
absolute values of weights are close enough
Neuron:  9
Equal weights and biases:  False False
absolute values of weights are close enough
Different indices:  [0, 1, 2, 3, 5, 6, 7, 8, 9]
