2024-11-20 19:47:02.428196: I tensorflow/core/util/port.cc:113] oneDNN custom operations are on. You may see slightly different numerical results due to floating-point round-off errors from different computation orders. To turn them off, set the environment variable `TF_ENABLE_ONEDNN_OPTS=0`.
2024-11-20 19:47:02.447605: E external/local_xla/xla/stream_executor/cuda/cuda_dnn.cc:9261] Unable to register cuDNN factory: Attempting to register factory for plugin cuDNN when one has already been registered
2024-11-20 19:47:02.447631: E external/local_xla/xla/stream_executor/cuda/cuda_fft.cc:607] Unable to register cuFFT factory: Attempting to register factory for plugin cuFFT when one has already been registered
2024-11-20 19:47:02.448157: E external/local_xla/xla/stream_executor/cuda/cuda_blas.cc:1515] Unable to register cuBLAS factory: Attempting to register factory for plugin cuBLAS when one has already been registered
2024-11-20 19:47:02.451132: I tensorflow/core/platform/cpu_feature_guard.cc:182] This TensorFlow binary is optimized to use available CPU instructions in performance-critical operations.
To enable the following instructions: AVX2 AVX_VNNI FMA, in other operations, rebuild TensorFlow with the appropriate compiler flags.
2024-11-20 19:47:02.767971: W tensorflow/compiler/tf2tensorrt/utils/py_utils.cc:38] TF-TRT Warning: Could not find TensorRT
INFO:root:
    # ---------------------------------------------------
    # Starting extracting weights and biases.
    # ---------------------------------------------------   
    
INFO:root:Parsed arguments for signature and sign recovery: 
	 Namespace(model='models/100_10x2_1_Seed0.keras', layerID=1, tgtNeurons=None, dataset=None, eps=8, quantized=2, onlySign=False, signRecoveryMethod='neuronWiggle', seed=42, setting='original', nExp=15).
2024-11-20 19:47:03.353796: I external/local_xla/xla/stream_executor/cuda/cuda_executor.cc:901] successful NUMA node read from SysFS had negative value (-1), but there must be at least one NUMA node, so returning NUMA node zero. See more at https://github.com/torvalds/linux/blob/v6.0/Documentation/ABI/testing/sysfs-bus-pci#L344-L355
2024-11-20 19:47:03.372386: W tensorflow/core/common_runtime/gpu/gpu_device.cc:2256] Cannot dlopen some GPU libraries. Please make sure the missing libraries mentioned above are installed properly if you would like to use GPU. Follow the guide at https://www.tensorflow.org/install/gpu for how to download and setup the required libraries for your platform.
Skipping registering GPU devices...
INFO:root:Model summary:
Model: "model"
_________________________________________________________________
 Layer (type)                Output Shape              Param #   
=================================================================
 input_layer (InputLayer)    [(None, 100)]             0         
                                                                 
 layer0 (Dense)              (None, 10)                1010      
                                                                 
 layer1 (Dense)              (None, 10)                110       
                                                                 
 output (Dense)              (None, 1)                 11        
                                                                 
=================================================================
Total params: 1131 (8.84 KB)
Trainable params: 1131 (8.84 KB)
Non-trainable params: 0 (0.00 Byte)
_________________________________________________________________
INFO:root:None
INFO:root:Signature and Sign recovery results will be saved to 
	 results/model_100_10x2_1_Seed0/layerID_1/nExp_15-Seed42_float32_original/df.md
INFO:root:Recovering signatures...
WARNING:root:The last layer has to have a linear activation function, instead found <function sigmoid at 0x7cdd0399c4c0>. We will replace this output function with a linear one automatically in your model.
INFO:root:
        Determined the following model parameters: 
            input shape: 	 (100,)
            hiddenLayerIDs: 	 [1, 2]
            neuronsHiddenLayers: 	 [10, 10]
            outputs: 	 1
        
INFO:root:Signs will be recovered for neuronIDs: 
	 [0 1 2 3 4 5 6 7 8 9].
Start another sweep
Total intersections found 18
Start another sweep
Total intersections found 20
Branch 1
Start another sweep
Total intersections found 17
Branch 1
Branch 1
Start another sweep
Total intersections found 19
Branch 1
Branch 1
Start another sweep
Total intersections found 21
Branch 1
WARNING: This one might be a duplicate!
Branch 1
Start another sweep
Total intersections found 18
WARNING: This one might be a duplicate!
Branch 1
WARNING: This one might be a duplicate!
Branch 1
Start another sweep
Total intersections found 14
WARNING: This one might be a duplicate!
Branch 1
Start another sweep
Total intersections found 24
WARNING: This one might be a duplicate!
Branch 1
WARNING: This one might be a duplicate!
Branch 5
while loop time 7.168379306793213
Query count:  115663
query count: 944 115663
critical point search and partial weights:  2.7188727855682373
Match partial:  4.278420448303223
partial biases: 0.0010809898376464844
dead weights:  0.0
signature recovery:  7.168579578399658
precision improvement:  2.384185791015625e-07
overall time:  7.168579816818237
Overall Time taken for signature extraction:  7.168619155883789

Check the solution of the last weight matrix.
Neuron 0 maps on to neuron 4 with error 7.966980991978569e-07 ratio 0.2821389561278397
Bias check [0.00072482]
Neuron 1 maps on to neuron 6 with error 6.657864332615509e-07 ratio 0.17737977459357523
Bias check [2.78677775e-05]
Neuron 2 maps on to neuron 7 with error 4.193294082768188e-06 ratio -0.24538378607901404
Bias check [-0.00075044]
Neuron 3 maps on to neuron 5 with error 3.655560511646257e-07 ratio -0.2112771295233138
Bias check [-3.5720639e-05]
Neuron 4 maps on to neuron 8 with error 5.094359809745352e-07 ratio 0.064615043176663
Bias check [8.27317311e-05]
Neuron 5 maps on to neuron 1 with error 1.3861934245104596e-06 ratio -0.19203018939677047
Bias check [7.6918019e-05]
Neuron 6 maps on to neuron 3 with error 1.3998758107683701e-06 ratio -0.24901273557939474
Bias check [0.00017488]
Neuron 7 maps on to neuron 9 with error 6.805883363563815e-07 ratio -0.22144548338107206
Bias check [4.52950165e-05]
Neuron 8 maps on to neuron 2 with error 2.1379277040478404e-06 ratio -0.17780822672128796
Bias check [0.00035715]
Neuron 9 maps on to neuron 0 with error 1.096272878612796e-06 ratio -0.23073437296646032
Bias check [-7.56666277e-05]
Original Neuron 0 maps on to recovered neuron 9
absolute values of weights are close enough
Original Neuron 1 maps on to recovered neuron 5
ERROR LAYER EXTRACTED INCORRECTLY
Original Neuron 2 maps on to recovered neuron 8
absolute values of weights are close enough
Original Neuron 3 maps on to recovered neuron 6
absolute values of weights are close enough
Original Neuron 4 maps on to recovered neuron 0
ERROR LAYER EXTRACTED INCORRECTLY
Original Neuron 5 maps on to recovered neuron 3
absolute values of weights are close enough
Original Neuron 6 maps on to recovered neuron 1
absolute values of weights are close enough
Original Neuron 7 maps on to recovered neuron 2
ERROR LAYER EXTRACTED INCORRECTLY
Original Neuron 8 maps on to recovered neuron 4
absolute values of weights are close enough
Original Neuron 9 maps on to recovered neuron 7
absolute values of weights are close enough
Weights, biases same up to sign in float32 precision?:  False False
Weights, biases same up to sign in float16 precision?: False False
Signature Extraction to float32 standards.
Sign Extraction Quantized to float32.
Neuron:  0
Equal weights and biases:  False False
absolute values of weights are close enough
Neuron:  1
Equal weights and biases:  False False
absolute values of weights are close enough
Neuron:  2
Equal weights and biases:  False False
absolute values of weights are close enough
Neuron:  3
Equal weights and biases:  True True
absolute values of weights are close enough
Neuron:  4
Equal weights and biases:  False False
absolute values of weights are close enough
Neuron:  5
Equal weights and biases:  False False
absolute values of weights are close enough
Neuron:  6
Equal weights and biases:  True True
absolute values of weights are close enough
Neuron:  7
Equal weights and biases:  True True
absolute values of weights are close enough
Neuron:  8
Equal weights and biases:  True True
absolute values of weights are close enough
Neuron:  9
Equal weights and biases:  True True
absolute values of weights are close enough
Different indices:  [0, 1, 2, 4, 5]
